2018-04-11 01:09:26 [127.0.0.1][-][-][error][yii\web\HttpException:404] yii\web\NotFoundHttpException: Page not found. in F:\phpStudy\WWW\Yii_2.0.11_new\vendor\yiisoft\yii2\web\Request.php:193
Stack trace:
#0 F:\phpStudy\WWW\Yii_2.0.11_new\vendor\yiisoft\yii2\web\Application.php(82): yii\web\Request->resolve()
#1 F:\phpStudy\WWW\Yii_2.0.11_new\vendor\yiisoft\yii2\base\Application.php(380): yii\web\Application->handleRequest(Object(yii\web\Request))
#2 F:\phpStudy\WWW\Yii_2.0.11_new\frontend\web\index.php(17): yii\base\Application->run()
#3 {main}
2018-04-11 01:09:26 [127.0.0.1][-][-][info][application] $_COOKIE = [
    '_ga' => 'GA1.1.206337940.1523263294'
    'advanced-backend' => 'ttkad2g6t0j2ip3untcqddld04'
    '_csrf-backend' => '3433cef21c9256d7e8dcd76b83951982aaf83f1e6ad23804e20f7b696fa4a678a:2:{i:0;s:13:\"_csrf-backend\";i:1;s:32:\"QlLE85zX612VSyMHZoPYJkB9hcOx459-\";}'
]

$_SERVER = [
    'PATH' => 'C:\\Windows\\system32;C:\\Windows;C:\\Windows\\System32\\Wbem;C:\\Windows\\System32\\WindowsPowerShell\\v1.0\\;C:\\Program Files (x86)\\NVIDIA Corporation\\PhysX\\Common;C:\\Program Files (x86)\\ATI Technologies\\ATI.ACE\\Core-Static;F:\\software\\PuTTY\\;C:\\Program Files\\TortoiseSVN\\bin;F:\\software\\Git\\cmd;F:\\phpStudy\\php\\php-7.0.12-nts;F:\\software\\composer;F:\\phpStudy\\MySQL\\bin;F:\\software\\Go\\bin;F:\\software\\Python\\Scripts\\;F:\\software\\Python\\'
    'SYSTEMROOT' => 'C:\\Windows'
    'COMSPEC' => 'C:\\Windows\\system32\\cmd.exe'
    'PATHEXT' => '.COM;.EXE;.BAT;.CMD;.VBS;.VBE;.JS;.JSE;.WSF;.WSH;.MSC'
    'WINDIR' => 'C:\\Windows'
    'PHP_FCGI_MAX_REQUESTS' => '1000'
    'PHPRC' => 'F:/phpStudy/php/php-7.0.12-nts/'
    '_FCGI_SHUTDOWN_EVENT_' => '1764'
    'SCRIPT_NAME' => '/Yii_2.0.11_new/frontend/web/index.php'
    'REQUEST_URI' => '/Yii_2.0.11_new/frontend/web/images/erweima.png'
    'QUERY_STRING' => ''
    'REQUEST_METHOD' => 'GET'
    'SERVER_PROTOCOL' => 'HTTP/1.1'
    'GATEWAY_INTERFACE' => 'CGI/1.1'
    'REDIRECT_URL' => '/Yii_2.0.11_new/frontend/web/images/erweima.png'
    'REMOTE_PORT' => '50731'
    'SCRIPT_FILENAME' => 'F:/phpStudy/WWW/Yii_2.0.11_new/frontend/web/index.php'
    'SERVER_ADMIN' => 'admin@phpStudy.net'
    'CONTEXT_DOCUMENT_ROOT' => 'F:/phpStudy/WWW'
    'CONTEXT_PREFIX' => ''
    'REQUEST_SCHEME' => 'http'
    'DOCUMENT_ROOT' => 'F:/phpStudy/WWW'
    'REMOTE_ADDR' => '127.0.0.1'
    'SERVER_PORT' => '80'
    'SERVER_ADDR' => '127.0.0.1'
    'SERVER_NAME' => '127.0.0.1'
    'SERVER_SOFTWARE' => 'Apache/2.4.23 (Win32) OpenSSL/1.0.2j mod_fcgid/2.3.9'
    'SERVER_SIGNATURE' => ''
    'SystemRoot' => 'C:\\Windows'
    'HTTP_COOKIE' => '_ga=GA1.1.206337940.1523263294; advanced-backend=ttkad2g6t0j2ip3untcqddld04; _csrf-backend=3433cef21c9256d7e8dcd76b83951982aaf83f1e6ad23804e20f7b696fa4a678a%3A2%3A%7Bi%3A0%3Bs%3A13%3A%22_csrf-backend%22%3Bi%3A1%3Bs%3A32%3A%22QlLE85zX612VSyMHZoPYJkB9hcOx459-%22%3B%7D'
    'HTTP_ACCEPT_LANGUAGE' => 'zh-CN,zh;q=0.9'
    'HTTP_ACCEPT_ENCODING' => 'gzip, deflate, br'
    'HTTP_REFERER' => 'http://127.0.0.1/Yii_2.0.11_new/frontend/web/'
    'HTTP_ACCEPT' => 'image/webp,image/apng,image/*,*/*;q=0.8'
    'HTTP_USER_AGENT' => 'Mozilla/5.0 (Windows NT 6.1; Win64; x64) AppleWebKit/537.36 (KHTML, like Gecko) Chrome/63.0.3239.132 Safari/537.36'
    'HTTP_CONNECTION' => 'close'
    'HTTP_HOST' => '127.0.0.1'
    'REDIRECT_STATUS' => '200'
    'FCGI_ROLE' => 'RESPONDER'
    'PHP_SELF' => '/Yii_2.0.11_new/frontend/web/index.php'
    'REQUEST_TIME_FLOAT' => 1523408966.8608
    'REQUEST_TIME' => 1523408966
]
2018-04-11 01:09:27 [127.0.0.1][-][-][error][yii\web\HttpException:404] yii\web\NotFoundHttpException: Page not found. in F:\phpStudy\WWW\Yii_2.0.11_new\vendor\yiisoft\yii2\web\Request.php:193
Stack trace:
#0 F:\phpStudy\WWW\Yii_2.0.11_new\vendor\yiisoft\yii2\web\Application.php(82): yii\web\Request->resolve()
#1 F:\phpStudy\WWW\Yii_2.0.11_new\vendor\yiisoft\yii2\base\Application.php(380): yii\web\Application->handleRequest(Object(yii\web\Request))
#2 F:\phpStudy\WWW\Yii_2.0.11_new\frontend\web\index.php(17): yii\base\Application->run()
#3 {main}
2018-04-11 01:09:27 [127.0.0.1][-][-][info][application] $_COOKIE = [
    '_ga' => 'GA1.1.206337940.1523263294'
    'advanced-backend' => 'ttkad2g6t0j2ip3untcqddld04'
    '_csrf-backend' => '3433cef21c9256d7e8dcd76b83951982aaf83f1e6ad23804e20f7b696fa4a678a:2:{i:0;s:13:\"_csrf-backend\";i:1;s:32:\"QlLE85zX612VSyMHZoPYJkB9hcOx459-\";}'
]

$_SERVER = [
    'PATH' => 'C:\\Windows\\system32;C:\\Windows;C:\\Windows\\System32\\Wbem;C:\\Windows\\System32\\WindowsPowerShell\\v1.0\\;C:\\Program Files (x86)\\NVIDIA Corporation\\PhysX\\Common;C:\\Program Files (x86)\\ATI Technologies\\ATI.ACE\\Core-Static;F:\\software\\PuTTY\\;C:\\Program Files\\TortoiseSVN\\bin;F:\\software\\Git\\cmd;F:\\phpStudy\\php\\php-7.0.12-nts;F:\\software\\composer;F:\\phpStudy\\MySQL\\bin;F:\\software\\Go\\bin;F:\\software\\Python\\Scripts\\;F:\\software\\Python\\'
    'SYSTEMROOT' => 'C:\\Windows'
    'COMSPEC' => 'C:\\Windows\\system32\\cmd.exe'
    'PATHEXT' => '.COM;.EXE;.BAT;.CMD;.VBS;.VBE;.JS;.JSE;.WSF;.WSH;.MSC'
    'WINDIR' => 'C:\\Windows'
    'PHP_FCGI_MAX_REQUESTS' => '1000'
    'PHPRC' => 'F:/phpStudy/php/php-7.0.12-nts/'
    '_FCGI_SHUTDOWN_EVENT_' => '1764'
    'SCRIPT_NAME' => '/Yii_2.0.11_new/frontend/web/index.php'
    'REQUEST_URI' => '/Yii_2.0.11_new/frontend/web/css/images/slider-arrow.png'
    'QUERY_STRING' => ''
    'REQUEST_METHOD' => 'GET'
    'SERVER_PROTOCOL' => 'HTTP/1.1'
    'GATEWAY_INTERFACE' => 'CGI/1.1'
    'REDIRECT_URL' => '/Yii_2.0.11_new/frontend/web/css/images/slider-arrow.png'
    'REMOTE_PORT' => '50728'
    'SCRIPT_FILENAME' => 'F:/phpStudy/WWW/Yii_2.0.11_new/frontend/web/index.php'
    'SERVER_ADMIN' => 'admin@phpStudy.net'
    'CONTEXT_DOCUMENT_ROOT' => 'F:/phpStudy/WWW'
    'CONTEXT_PREFIX' => ''
    'REQUEST_SCHEME' => 'http'
    'DOCUMENT_ROOT' => 'F:/phpStudy/WWW'
    'REMOTE_ADDR' => '127.0.0.1'
    'SERVER_PORT' => '80'
    'SERVER_ADDR' => '127.0.0.1'
    'SERVER_NAME' => '127.0.0.1'
    'SERVER_SOFTWARE' => 'Apache/2.4.23 (Win32) OpenSSL/1.0.2j mod_fcgid/2.3.9'
    'SERVER_SIGNATURE' => ''
    'SystemRoot' => 'C:\\Windows'
    'HTTP_COOKIE' => '_ga=GA1.1.206337940.1523263294; advanced-backend=ttkad2g6t0j2ip3untcqddld04; _csrf-backend=3433cef21c9256d7e8dcd76b83951982aaf83f1e6ad23804e20f7b696fa4a678a%3A2%3A%7Bi%3A0%3Bs%3A13%3A%22_csrf-backend%22%3Bi%3A1%3Bs%3A32%3A%22QlLE85zX612VSyMHZoPYJkB9hcOx459-%22%3B%7D'
    'HTTP_ACCEPT_LANGUAGE' => 'zh-CN,zh;q=0.9'
    'HTTP_ACCEPT_ENCODING' => 'gzip, deflate, br'
    'HTTP_REFERER' => 'http://127.0.0.1/Yii_2.0.11_new/frontend/web/css/style.css'
    'HTTP_ACCEPT' => 'image/webp,image/apng,image/*,*/*;q=0.8'
    'HTTP_USER_AGENT' => 'Mozilla/5.0 (Windows NT 6.1; Win64; x64) AppleWebKit/537.36 (KHTML, like Gecko) Chrome/63.0.3239.132 Safari/537.36'
    'HTTP_CONNECTION' => 'close'
    'HTTP_HOST' => '127.0.0.1'
    'REDIRECT_STATUS' => '200'
    'FCGI_ROLE' => 'RESPONDER'
    'PHP_SELF' => '/Yii_2.0.11_new/frontend/web/index.php'
    'REQUEST_TIME_FLOAT' => 1523408967.0458
    'REQUEST_TIME' => 1523408967
]
2018-04-11 01:09:27 [127.0.0.1][-][-][error][yii\web\HttpException:404] yii\web\NotFoundHttpException: Page not found. in F:\phpStudy\WWW\Yii_2.0.11_new\vendor\yiisoft\yii2\web\Request.php:193
Stack trace:
#0 F:\phpStudy\WWW\Yii_2.0.11_new\vendor\yiisoft\yii2\web\Application.php(82): yii\web\Request->resolve()
#1 F:\phpStudy\WWW\Yii_2.0.11_new\vendor\yiisoft\yii2\base\Application.php(380): yii\web\Application->handleRequest(Object(yii\web\Request))
#2 F:\phpStudy\WWW\Yii_2.0.11_new\frontend\web\index.php(17): yii\base\Application->run()
#3 {main}
2018-04-11 01:09:27 [127.0.0.1][-][-][info][application] $_COOKIE = [
    '_ga' => 'GA1.1.206337940.1523263294'
    'advanced-backend' => 'ttkad2g6t0j2ip3untcqddld04'
    '_csrf-backend' => '3433cef21c9256d7e8dcd76b83951982aaf83f1e6ad23804e20f7b696fa4a678a:2:{i:0;s:13:\"_csrf-backend\";i:1;s:32:\"QlLE85zX612VSyMHZoPYJkB9hcOx459-\";}'
]

$_SERVER = [
    'PATH' => 'C:\\Windows\\system32;C:\\Windows;C:\\Windows\\System32\\Wbem;C:\\Windows\\System32\\WindowsPowerShell\\v1.0\\;C:\\Program Files (x86)\\NVIDIA Corporation\\PhysX\\Common;C:\\Program Files (x86)\\ATI Technologies\\ATI.ACE\\Core-Static;F:\\software\\PuTTY\\;C:\\Program Files\\TortoiseSVN\\bin;F:\\software\\Git\\cmd;F:\\phpStudy\\php\\php-7.0.12-nts;F:\\software\\composer;F:\\phpStudy\\MySQL\\bin;F:\\software\\Go\\bin;F:\\software\\Python\\Scripts\\;F:\\software\\Python\\'
    'SYSTEMROOT' => 'C:\\Windows'
    'COMSPEC' => 'C:\\Windows\\system32\\cmd.exe'
    'PATHEXT' => '.COM;.EXE;.BAT;.CMD;.VBS;.VBE;.JS;.JSE;.WSF;.WSH;.MSC'
    'WINDIR' => 'C:\\Windows'
    'PHP_FCGI_MAX_REQUESTS' => '1000'
    'PHPRC' => 'F:/phpStudy/php/php-7.0.12-nts/'
    '_FCGI_SHUTDOWN_EVENT_' => '1764'
    'SCRIPT_NAME' => '/Yii_2.0.11_new/frontend/web/index.php'
    'REQUEST_URI' => '/Yii_2.0.11_new/frontend/web/images/fl_img_12.png'
    'QUERY_STRING' => ''
    'REQUEST_METHOD' => 'GET'
    'SERVER_PROTOCOL' => 'HTTP/1.1'
    'GATEWAY_INTERFACE' => 'CGI/1.1'
    'REDIRECT_URL' => '/Yii_2.0.11_new/frontend/web/images/fl_img_12.png'
    'REMOTE_PORT' => '50733'
    'SCRIPT_FILENAME' => 'F:/phpStudy/WWW/Yii_2.0.11_new/frontend/web/index.php'
    'SERVER_ADMIN' => 'admin@phpStudy.net'
    'CONTEXT_DOCUMENT_ROOT' => 'F:/phpStudy/WWW'
    'CONTEXT_PREFIX' => ''
    'REQUEST_SCHEME' => 'http'
    'DOCUMENT_ROOT' => 'F:/phpStudy/WWW'
    'REMOTE_ADDR' => '127.0.0.1'
    'SERVER_PORT' => '80'
    'SERVER_ADDR' => '127.0.0.1'
    'SERVER_NAME' => '127.0.0.1'
    'SERVER_SOFTWARE' => 'Apache/2.4.23 (Win32) OpenSSL/1.0.2j mod_fcgid/2.3.9'
    'SERVER_SIGNATURE' => ''
    'SystemRoot' => 'C:\\Windows'
    'HTTP_COOKIE' => '_ga=GA1.1.206337940.1523263294; advanced-backend=ttkad2g6t0j2ip3untcqddld04; _csrf-backend=3433cef21c9256d7e8dcd76b83951982aaf83f1e6ad23804e20f7b696fa4a678a%3A2%3A%7Bi%3A0%3Bs%3A13%3A%22_csrf-backend%22%3Bi%3A1%3Bs%3A32%3A%22QlLE85zX612VSyMHZoPYJkB9hcOx459-%22%3B%7D'
    'HTTP_ACCEPT_LANGUAGE' => 'zh-CN,zh;q=0.9'
    'HTTP_ACCEPT_ENCODING' => 'gzip, deflate, br'
    'HTTP_REFERER' => 'http://127.0.0.1/Yii_2.0.11_new/frontend/web/css/common.css'
    'HTTP_ACCEPT' => 'image/webp,image/apng,image/*,*/*;q=0.8'
    'HTTP_USER_AGENT' => 'Mozilla/5.0 (Windows NT 6.1; Win64; x64) AppleWebKit/537.36 (KHTML, like Gecko) Chrome/63.0.3239.132 Safari/537.36'
    'HTTP_CONNECTION' => 'close'
    'HTTP_HOST' => '127.0.0.1'
    'REDIRECT_STATUS' => '200'
    'FCGI_ROLE' => 'RESPONDER'
    'PHP_SELF' => '/Yii_2.0.11_new/frontend/web/index.php'
    'REQUEST_TIME_FLOAT' => 1523408967.6328
    'REQUEST_TIME' => 1523408967
]
2018-04-11 01:09:28 [127.0.0.1][-][-][error][yii\web\HttpException:404] yii\web\NotFoundHttpException: Page not found. in F:\phpStudy\WWW\Yii_2.0.11_new\vendor\yiisoft\yii2\web\Request.php:193
Stack trace:
#0 F:\phpStudy\WWW\Yii_2.0.11_new\vendor\yiisoft\yii2\web\Application.php(82): yii\web\Request->resolve()
#1 F:\phpStudy\WWW\Yii_2.0.11_new\vendor\yiisoft\yii2\base\Application.php(380): yii\web\Application->handleRequest(Object(yii\web\Request))
#2 F:\phpStudy\WWW\Yii_2.0.11_new\frontend\web\index.php(17): yii\base\Application->run()
#3 {main}
2018-04-11 01:09:28 [127.0.0.1][-][-][info][application] $_COOKIE = [
    '_ga' => 'GA1.1.206337940.1523263294'
    'advanced-backend' => 'ttkad2g6t0j2ip3untcqddld04'
    '_csrf-backend' => '3433cef21c9256d7e8dcd76b83951982aaf83f1e6ad23804e20f7b696fa4a678a:2:{i:0;s:13:\"_csrf-backend\";i:1;s:32:\"QlLE85zX612VSyMHZoPYJkB9hcOx459-\";}'
]

$_SERVER = [
    'PATH' => 'C:\\Windows\\system32;C:\\Windows;C:\\Windows\\System32\\Wbem;C:\\Windows\\System32\\WindowsPowerShell\\v1.0\\;C:\\Program Files (x86)\\NVIDIA Corporation\\PhysX\\Common;C:\\Program Files (x86)\\ATI Technologies\\ATI.ACE\\Core-Static;F:\\software\\PuTTY\\;C:\\Program Files\\TortoiseSVN\\bin;F:\\software\\Git\\cmd;F:\\phpStudy\\php\\php-7.0.12-nts;F:\\software\\composer;F:\\phpStudy\\MySQL\\bin;F:\\software\\Go\\bin;F:\\software\\Python\\Scripts\\;F:\\software\\Python\\'
    'SYSTEMROOT' => 'C:\\Windows'
    'COMSPEC' => 'C:\\Windows\\system32\\cmd.exe'
    'PATHEXT' => '.COM;.EXE;.BAT;.CMD;.VBS;.VBE;.JS;.JSE;.WSF;.WSH;.MSC'
    'WINDIR' => 'C:\\Windows'
    'PHP_FCGI_MAX_REQUESTS' => '1000'
    'PHPRC' => 'F:/phpStudy/php/php-7.0.12-nts/'
    '_FCGI_SHUTDOWN_EVENT_' => '1764'
    'SCRIPT_NAME' => '/Yii_2.0.11_new/frontend/web/index.php'
    'REQUEST_URI' => '/Yii_2.0.11_new/frontend/web/images/cd_img_11.png'
    'QUERY_STRING' => ''
    'REQUEST_METHOD' => 'GET'
    'SERVER_PROTOCOL' => 'HTTP/1.1'
    'GATEWAY_INTERFACE' => 'CGI/1.1'
    'REDIRECT_URL' => '/Yii_2.0.11_new/frontend/web/images/cd_img_11.png'
    'REMOTE_PORT' => '50735'
    'SCRIPT_FILENAME' => 'F:/phpStudy/WWW/Yii_2.0.11_new/frontend/web/index.php'
    'SERVER_ADMIN' => 'admin@phpStudy.net'
    'CONTEXT_DOCUMENT_ROOT' => 'F:/phpStudy/WWW'
    'CONTEXT_PREFIX' => ''
    'REQUEST_SCHEME' => 'http'
    'DOCUMENT_ROOT' => 'F:/phpStudy/WWW'
    'REMOTE_ADDR' => '127.0.0.1'
    'SERVER_PORT' => '80'
    'SERVER_ADDR' => '127.0.0.1'
    'SERVER_NAME' => '127.0.0.1'
    'SERVER_SOFTWARE' => 'Apache/2.4.23 (Win32) OpenSSL/1.0.2j mod_fcgid/2.3.9'
    'SERVER_SIGNATURE' => ''
    'SystemRoot' => 'C:\\Windows'
    'HTTP_COOKIE' => '_ga=GA1.1.206337940.1523263294; advanced-backend=ttkad2g6t0j2ip3untcqddld04; _csrf-backend=3433cef21c9256d7e8dcd76b83951982aaf83f1e6ad23804e20f7b696fa4a678a%3A2%3A%7Bi%3A0%3Bs%3A13%3A%22_csrf-backend%22%3Bi%3A1%3Bs%3A32%3A%22QlLE85zX612VSyMHZoPYJkB9hcOx459-%22%3B%7D'
    'HTTP_ACCEPT_LANGUAGE' => 'zh-CN,zh;q=0.9'
    'HTTP_ACCEPT_ENCODING' => 'gzip, deflate, br'
    'HTTP_REFERER' => 'http://127.0.0.1/Yii_2.0.11_new/frontend/web/css/common.css'
    'HTTP_ACCEPT' => 'image/webp,image/apng,image/*,*/*;q=0.8'
    'HTTP_USER_AGENT' => 'Mozilla/5.0 (Windows NT 6.1; Win64; x64) AppleWebKit/537.36 (KHTML, like Gecko) Chrome/63.0.3239.132 Safari/537.36'
    'HTTP_CONNECTION' => 'close'
    'HTTP_HOST' => '127.0.0.1'
    'REDIRECT_STATUS' => '200'
    'FCGI_ROLE' => 'RESPONDER'
    'PHP_SELF' => '/Yii_2.0.11_new/frontend/web/index.php'
    'REQUEST_TIME_FLOAT' => 1523408968.0489
    'REQUEST_TIME' => 1523408968
]
2018-04-11 01:09:29 [127.0.0.1][-][-][error][yii\web\HttpException:404] yii\web\NotFoundHttpException: Page not found. in F:\phpStudy\WWW\Yii_2.0.11_new\vendor\yiisoft\yii2\web\Request.php:193
Stack trace:
#0 F:\phpStudy\WWW\Yii_2.0.11_new\vendor\yiisoft\yii2\web\Application.php(82): yii\web\Request->resolve()
#1 F:\phpStudy\WWW\Yii_2.0.11_new\vendor\yiisoft\yii2\base\Application.php(380): yii\web\Application->handleRequest(Object(yii\web\Request))
#2 F:\phpStudy\WWW\Yii_2.0.11_new\frontend\web\index.php(17): yii\base\Application->run()
#3 {main}
2018-04-11 01:09:29 [127.0.0.1][-][-][info][application] $_COOKIE = [
    '_ga' => 'GA1.1.206337940.1523263294'
    'advanced-backend' => 'ttkad2g6t0j2ip3untcqddld04'
    '_csrf-backend' => '3433cef21c9256d7e8dcd76b83951982aaf83f1e6ad23804e20f7b696fa4a678a:2:{i:0;s:13:\"_csrf-backend\";i:1;s:32:\"QlLE85zX612VSyMHZoPYJkB9hcOx459-\";}'
    'hzy_login_back' => 'http://127.0.0.1/Yii_2.0.11_new/frontend/'
    'advanced-frontend' => '97hp1bvou73evaikmim4tgpdk6'
    '_csrf-frontend' => '964b7b6611c66d808a3fc710088e847cbca75874ee92af244b938313cb296896a:2:{i:0;s:14:\"_csrf-frontend\";i:1;s:32:\"tj-3Mg3nGxVWTYdVj2D2JHiMDY8jHg1X\";}'
]

$_SERVER = [
    'PATH' => 'C:\\Windows\\system32;C:\\Windows;C:\\Windows\\System32\\Wbem;C:\\Windows\\System32\\WindowsPowerShell\\v1.0\\;C:\\Program Files (x86)\\NVIDIA Corporation\\PhysX\\Common;C:\\Program Files (x86)\\ATI Technologies\\ATI.ACE\\Core-Static;F:\\software\\PuTTY\\;C:\\Program Files\\TortoiseSVN\\bin;F:\\software\\Git\\cmd;F:\\phpStudy\\php\\php-7.0.12-nts;F:\\software\\composer;F:\\phpStudy\\MySQL\\bin;F:\\software\\Go\\bin;F:\\software\\Python\\Scripts\\;F:\\software\\Python\\'
    'SYSTEMROOT' => 'C:\\Windows'
    'COMSPEC' => 'C:\\Windows\\system32\\cmd.exe'
    'PATHEXT' => '.COM;.EXE;.BAT;.CMD;.VBS;.VBE;.JS;.JSE;.WSF;.WSH;.MSC'
    'WINDIR' => 'C:\\Windows'
    'PHP_FCGI_MAX_REQUESTS' => '1000'
    'PHPRC' => 'F:/phpStudy/php/php-7.0.12-nts/'
    '_FCGI_SHUTDOWN_EVENT_' => '1764'
    'SCRIPT_NAME' => '/Yii_2.0.11_new/frontend/web/index.php'
    'REQUEST_URI' => '/Yii_2.0.11_new/frontend/web/product/__PUBLIC__/Home/images/erweima.jpg'
    'QUERY_STRING' => ''
    'REQUEST_METHOD' => 'GET'
    'SERVER_PROTOCOL' => 'HTTP/1.1'
    'GATEWAY_INTERFACE' => 'CGI/1.1'
    'REDIRECT_URL' => '/Yii_2.0.11_new/frontend/web/product/__PUBLIC__/Home/images/erweima.jpg'
    'REMOTE_PORT' => '50732'
    'SCRIPT_FILENAME' => 'F:/phpStudy/WWW/Yii_2.0.11_new/frontend/web/index.php'
    'SERVER_ADMIN' => 'admin@phpStudy.net'
    'CONTEXT_DOCUMENT_ROOT' => 'F:/phpStudy/WWW'
    'CONTEXT_PREFIX' => ''
    'REQUEST_SCHEME' => 'http'
    'DOCUMENT_ROOT' => 'F:/phpStudy/WWW'
    'REMOTE_ADDR' => '127.0.0.1'
    'SERVER_PORT' => '80'
    'SERVER_ADDR' => '127.0.0.1'
    'SERVER_NAME' => '127.0.0.1'
    'SERVER_SOFTWARE' => 'Apache/2.4.23 (Win32) OpenSSL/1.0.2j mod_fcgid/2.3.9'
    'SERVER_SIGNATURE' => ''
    'SystemRoot' => 'C:\\Windows'
    'HTTP_COOKIE' => '_ga=GA1.1.206337940.1523263294; advanced-backend=ttkad2g6t0j2ip3untcqddld04; _csrf-backend=3433cef21c9256d7e8dcd76b83951982aaf83f1e6ad23804e20f7b696fa4a678a%3A2%3A%7Bi%3A0%3Bs%3A13%3A%22_csrf-backend%22%3Bi%3A1%3Bs%3A32%3A%22QlLE85zX612VSyMHZoPYJkB9hcOx459-%22%3B%7D; hzy_login_back=http://127.0.0.1/Yii_2.0.11_new/frontend/; advanced-frontend=97hp1bvou73evaikmim4tgpdk6; _csrf-frontend=964b7b6611c66d808a3fc710088e847cbca75874ee92af244b938313cb296896a%3A2%3A%7Bi%3A0%3Bs%3A14%3A%22_csrf-frontend%22%3Bi%3A1%3Bs%3A32%3A%22tj-3Mg3nGxVWTYdVj2D2JHiMDY8jHg1X%22%3B%7D'
    'HTTP_ACCEPT_LANGUAGE' => 'zh-CN,zh;q=0.9'
    'HTTP_ACCEPT_ENCODING' => 'gzip, deflate, br'
    'HTTP_REFERER' => 'http://127.0.0.1/Yii_2.0.11_new/frontend/web/product/index.asp'
    'HTTP_ACCEPT' => 'image/webp,image/apng,image/*,*/*;q=0.8'
    'HTTP_USER_AGENT' => 'Mozilla/5.0 (Windows NT 6.1; Win64; x64) AppleWebKit/537.36 (KHTML, like Gecko) Chrome/63.0.3239.132 Safari/537.36'
    'HTTP_CONNECTION' => 'close'
    'HTTP_HOST' => '127.0.0.1'
    'REDIRECT_STATUS' => '200'
    'FCGI_ROLE' => 'RESPONDER'
    'PHP_SELF' => '/Yii_2.0.11_new/frontend/web/index.php'
    'REQUEST_TIME_FLOAT' => 1523408969.0389
    'REQUEST_TIME' => 1523408969
]
2018-04-11 01:09:30 [127.0.0.1][-][-][error][yii\web\HttpException:404] yii\web\NotFoundHttpException: Page not found. in F:\phpStudy\WWW\Yii_2.0.11_new\vendor\yiisoft\yii2\web\Request.php:193
Stack trace:
#0 F:\phpStudy\WWW\Yii_2.0.11_new\vendor\yiisoft\yii2\web\Application.php(82): yii\web\Request->resolve()
#1 F:\phpStudy\WWW\Yii_2.0.11_new\vendor\yiisoft\yii2\base\Application.php(380): yii\web\Application->handleRequest(Object(yii\web\Request))
#2 F:\phpStudy\WWW\Yii_2.0.11_new\frontend\web\index.php(17): yii\base\Application->run()
#3 {main}
2018-04-11 01:09:30 [127.0.0.1][-][-][info][application] $_COOKIE = [
    '_ga' => 'GA1.1.206337940.1523263294'
    'advanced-backend' => 'ttkad2g6t0j2ip3untcqddld04'
    '_csrf-backend' => '3433cef21c9256d7e8dcd76b83951982aaf83f1e6ad23804e20f7b696fa4a678a:2:{i:0;s:13:\"_csrf-backend\";i:1;s:32:\"QlLE85zX612VSyMHZoPYJkB9hcOx459-\";}'
    'hzy_login_back' => 'http://127.0.0.1/Yii_2.0.11_new/frontend/'
    'advanced-frontend' => '97hp1bvou73evaikmim4tgpdk6'
    '_csrf-frontend' => '964b7b6611c66d808a3fc710088e847cbca75874ee92af244b938313cb296896a:2:{i:0;s:14:\"_csrf-frontend\";i:1;s:32:\"tj-3Mg3nGxVWTYdVj2D2JHiMDY8jHg1X\";}'
]

$_SERVER = [
    'PATH' => 'C:\\Windows\\system32;C:\\Windows;C:\\Windows\\System32\\Wbem;C:\\Windows\\System32\\WindowsPowerShell\\v1.0\\;C:\\Program Files (x86)\\NVIDIA Corporation\\PhysX\\Common;C:\\Program Files (x86)\\ATI Technologies\\ATI.ACE\\Core-Static;F:\\software\\PuTTY\\;C:\\Program Files\\TortoiseSVN\\bin;F:\\software\\Git\\cmd;F:\\phpStudy\\php\\php-7.0.12-nts;F:\\software\\composer;F:\\phpStudy\\MySQL\\bin;F:\\software\\Go\\bin;F:\\software\\Python\\Scripts\\;F:\\software\\Python\\'
    'SYSTEMROOT' => 'C:\\Windows'
    'COMSPEC' => 'C:\\Windows\\system32\\cmd.exe'
    'PATHEXT' => '.COM;.EXE;.BAT;.CMD;.VBS;.VBE;.JS;.JSE;.WSF;.WSH;.MSC'
    'WINDIR' => 'C:\\Windows'
    'PHP_FCGI_MAX_REQUESTS' => '1000'
    'PHPRC' => 'F:/phpStudy/php/php-7.0.12-nts/'
    '_FCGI_SHUTDOWN_EVENT_' => '1764'
    'SCRIPT_NAME' => '/Yii_2.0.11_new/frontend/web/index.php'
    'REQUEST_URI' => '/Yii_2.0.11_new/frontend/web/product/__PUBLIC__/Admin/Uploads/goods/%7B$historyList[\'pic\']%7D'
    'QUERY_STRING' => ''
    'REQUEST_METHOD' => 'GET'
    'SERVER_PROTOCOL' => 'HTTP/1.1'
    'GATEWAY_INTERFACE' => 'CGI/1.1'
    'REDIRECT_URL' => '/Yii_2.0.11_new/frontend/web/product/__PUBLIC__/Admin/Uploads/goods/{$historyList[\'pic\']}'
    'REMOTE_PORT' => '50738'
    'SCRIPT_FILENAME' => 'F:/phpStudy/WWW/Yii_2.0.11_new/frontend/web/index.php'
    'SERVER_ADMIN' => 'admin@phpStudy.net'
    'CONTEXT_DOCUMENT_ROOT' => 'F:/phpStudy/WWW'
    'CONTEXT_PREFIX' => ''
    'REQUEST_SCHEME' => 'http'
    'DOCUMENT_ROOT' => 'F:/phpStudy/WWW'
    'REMOTE_ADDR' => '127.0.0.1'
    'SERVER_PORT' => '80'
    'SERVER_ADDR' => '127.0.0.1'
    'SERVER_NAME' => '127.0.0.1'
    'SERVER_SOFTWARE' => 'Apache/2.4.23 (Win32) OpenSSL/1.0.2j mod_fcgid/2.3.9'
    'SERVER_SIGNATURE' => ''
    'SystemRoot' => 'C:\\Windows'
    'HTTP_COOKIE' => '_ga=GA1.1.206337940.1523263294; advanced-backend=ttkad2g6t0j2ip3untcqddld04; _csrf-backend=3433cef21c9256d7e8dcd76b83951982aaf83f1e6ad23804e20f7b696fa4a678a%3A2%3A%7Bi%3A0%3Bs%3A13%3A%22_csrf-backend%22%3Bi%3A1%3Bs%3A32%3A%22QlLE85zX612VSyMHZoPYJkB9hcOx459-%22%3B%7D; hzy_login_back=http://127.0.0.1/Yii_2.0.11_new/frontend/; advanced-frontend=97hp1bvou73evaikmim4tgpdk6; _csrf-frontend=964b7b6611c66d808a3fc710088e847cbca75874ee92af244b938313cb296896a%3A2%3A%7Bi%3A0%3Bs%3A14%3A%22_csrf-frontend%22%3Bi%3A1%3Bs%3A32%3A%22tj-3Mg3nGxVWTYdVj2D2JHiMDY8jHg1X%22%3B%7D'
    'HTTP_ACCEPT_LANGUAGE' => 'zh-CN,zh;q=0.9'
    'HTTP_ACCEPT_ENCODING' => 'gzip, deflate, br'
    'HTTP_REFERER' => 'http://127.0.0.1/Yii_2.0.11_new/frontend/web/product/index.asp'
    'HTTP_ACCEPT' => 'image/webp,image/apng,image/*,*/*;q=0.8'
    'HTTP_USER_AGENT' => 'Mozilla/5.0 (Windows NT 6.1; Win64; x64) AppleWebKit/537.36 (KHTML, like Gecko) Chrome/63.0.3239.132 Safari/537.36'
    'HTTP_CONNECTION' => 'close'
    'HTTP_HOST' => '127.0.0.1'
    'REDIRECT_STATUS' => '200'
    'FCGI_ROLE' => 'RESPONDER'
    'PHP_SELF' => '/Yii_2.0.11_new/frontend/web/index.php'
    'REQUEST_TIME_FLOAT' => 1523408970.039
    'REQUEST_TIME' => 1523408970
]
2018-04-11 01:09:30 [127.0.0.1][-][-][error][yii\web\HttpException:404] yii\web\NotFoundHttpException: Page not found. in F:\phpStudy\WWW\Yii_2.0.11_new\vendor\yiisoft\yii2\web\Request.php:193
Stack trace:
#0 F:\phpStudy\WWW\Yii_2.0.11_new\vendor\yiisoft\yii2\web\Application.php(82): yii\web\Request->resolve()
#1 F:\phpStudy\WWW\Yii_2.0.11_new\vendor\yiisoft\yii2\base\Application.php(380): yii\web\Application->handleRequest(Object(yii\web\Request))
#2 F:\phpStudy\WWW\Yii_2.0.11_new\frontend\web\index.php(17): yii\base\Application->run()
#3 {main}
2018-04-11 01:09:30 [127.0.0.1][-][-][info][application] $_COOKIE = [
    '_ga' => 'GA1.1.206337940.1523263294'
    'advanced-backend' => 'ttkad2g6t0j2ip3untcqddld04'
    '_csrf-backend' => '3433cef21c9256d7e8dcd76b83951982aaf83f1e6ad23804e20f7b696fa4a678a:2:{i:0;s:13:\"_csrf-backend\";i:1;s:32:\"QlLE85zX612VSyMHZoPYJkB9hcOx459-\";}'
    'hzy_login_back' => 'http://127.0.0.1/Yii_2.0.11_new/frontend/'
    'advanced-frontend' => '97hp1bvou73evaikmim4tgpdk6'
    '_csrf-frontend' => '964b7b6611c66d808a3fc710088e847cbca75874ee92af244b938313cb296896a:2:{i:0;s:14:\"_csrf-frontend\";i:1;s:32:\"tj-3Mg3nGxVWTYdVj2D2JHiMDY8jHg1X\";}'
]

$_SERVER = [
    'PATH' => 'C:\\Windows\\system32;C:\\Windows;C:\\Windows\\System32\\Wbem;C:\\Windows\\System32\\WindowsPowerShell\\v1.0\\;C:\\Program Files (x86)\\NVIDIA Corporation\\PhysX\\Common;C:\\Program Files (x86)\\ATI Technologies\\ATI.ACE\\Core-Static;F:\\software\\PuTTY\\;C:\\Program Files\\TortoiseSVN\\bin;F:\\software\\Git\\cmd;F:\\phpStudy\\php\\php-7.0.12-nts;F:\\software\\composer;F:\\phpStudy\\MySQL\\bin;F:\\software\\Go\\bin;F:\\software\\Python\\Scripts\\;F:\\software\\Python\\'
    'SYSTEMROOT' => 'C:\\Windows'
    'COMSPEC' => 'C:\\Windows\\system32\\cmd.exe'
    'PATHEXT' => '.COM;.EXE;.BAT;.CMD;.VBS;.VBE;.JS;.JSE;.WSF;.WSH;.MSC'
    'WINDIR' => 'C:\\Windows'
    'PHP_FCGI_MAX_REQUESTS' => '1000'
    'PHPRC' => 'F:/phpStudy/php/php-7.0.12-nts/'
    '_FCGI_SHUTDOWN_EVENT_' => '1808'
    'SCRIPT_NAME' => '/Yii_2.0.11_new/frontend/web/index.php'
    'REQUEST_URI' => '/Yii_2.0.11_new/frontend/web/images/cd_img_11.png'
    'QUERY_STRING' => ''
    'REQUEST_METHOD' => 'GET'
    'SERVER_PROTOCOL' => 'HTTP/1.1'
    'GATEWAY_INTERFACE' => 'CGI/1.1'
    'REDIRECT_URL' => '/Yii_2.0.11_new/frontend/web/images/cd_img_11.png'
    'REMOTE_PORT' => '50734'
    'SCRIPT_FILENAME' => 'F:/phpStudy/WWW/Yii_2.0.11_new/frontend/web/index.php'
    'SERVER_ADMIN' => 'admin@phpStudy.net'
    'CONTEXT_DOCUMENT_ROOT' => 'F:/phpStudy/WWW'
    'CONTEXT_PREFIX' => ''
    'REQUEST_SCHEME' => 'http'
    'DOCUMENT_ROOT' => 'F:/phpStudy/WWW'
    'REMOTE_ADDR' => '127.0.0.1'
    'SERVER_PORT' => '80'
    'SERVER_ADDR' => '127.0.0.1'
    'SERVER_NAME' => '127.0.0.1'
    'SERVER_SOFTWARE' => 'Apache/2.4.23 (Win32) OpenSSL/1.0.2j mod_fcgid/2.3.9'
    'SERVER_SIGNATURE' => ''
    'SystemRoot' => 'C:\\Windows'
    'HTTP_COOKIE' => '_ga=GA1.1.206337940.1523263294; advanced-backend=ttkad2g6t0j2ip3untcqddld04; _csrf-backend=3433cef21c9256d7e8dcd76b83951982aaf83f1e6ad23804e20f7b696fa4a678a%3A2%3A%7Bi%3A0%3Bs%3A13%3A%22_csrf-backend%22%3Bi%3A1%3Bs%3A32%3A%22QlLE85zX612VSyMHZoPYJkB9hcOx459-%22%3B%7D; hzy_login_back=http://127.0.0.1/Yii_2.0.11_new/frontend/; advanced-frontend=97hp1bvou73evaikmim4tgpdk6; _csrf-frontend=964b7b6611c66d808a3fc710088e847cbca75874ee92af244b938313cb296896a%3A2%3A%7Bi%3A0%3Bs%3A14%3A%22_csrf-frontend%22%3Bi%3A1%3Bs%3A32%3A%22tj-3Mg3nGxVWTYdVj2D2JHiMDY8jHg1X%22%3B%7D'
    'HTTP_ACCEPT_LANGUAGE' => 'zh-CN,zh;q=0.9'
    'HTTP_ACCEPT_ENCODING' => 'gzip, deflate, br'
    'HTTP_REFERER' => 'http://127.0.0.1/Yii_2.0.11_new/frontend/web/css/common.css'
    'HTTP_ACCEPT' => 'image/webp,image/apng,image/*,*/*;q=0.8'
    'HTTP_USER_AGENT' => 'Mozilla/5.0 (Windows NT 6.1; Win64; x64) AppleWebKit/537.36 (KHTML, like Gecko) Chrome/63.0.3239.132 Safari/537.36'
    'HTTP_CONNECTION' => 'close'
    'HTTP_HOST' => '127.0.0.1'
    'REDIRECT_STATUS' => '200'
    'FCGI_ROLE' => 'RESPONDER'
    'PHP_SELF' => '/Yii_2.0.11_new/frontend/web/index.php'
    'REQUEST_TIME_FLOAT' => 1523408970.152
    'REQUEST_TIME' => 1523408970
]
2018-04-11 01:09:30 [127.0.0.1][-][-][error][yii\web\HttpException:404] yii\web\NotFoundHttpException: Page not found. in F:\phpStudy\WWW\Yii_2.0.11_new\vendor\yiisoft\yii2\web\Request.php:193
Stack trace:
#0 F:\phpStudy\WWW\Yii_2.0.11_new\vendor\yiisoft\yii2\web\Application.php(82): yii\web\Request->resolve()
#1 F:\phpStudy\WWW\Yii_2.0.11_new\vendor\yiisoft\yii2\base\Application.php(380): yii\web\Application->handleRequest(Object(yii\web\Request))
#2 F:\phpStudy\WWW\Yii_2.0.11_new\frontend\web\index.php(17): yii\base\Application->run()
#3 {main}
2018-04-11 01:09:30 [127.0.0.1][-][-][info][application] $_COOKIE = [
    '_ga' => 'GA1.1.206337940.1523263294'
    'advanced-backend' => 'ttkad2g6t0j2ip3untcqddld04'
    '_csrf-backend' => '3433cef21c9256d7e8dcd76b83951982aaf83f1e6ad23804e20f7b696fa4a678a:2:{i:0;s:13:\"_csrf-backend\";i:1;s:32:\"QlLE85zX612VSyMHZoPYJkB9hcOx459-\";}'
    'hzy_login_back' => 'http://127.0.0.1/Yii_2.0.11_new/frontend/'
    'advanced-frontend' => '97hp1bvou73evaikmim4tgpdk6'
    '_csrf-frontend' => '964b7b6611c66d808a3fc710088e847cbca75874ee92af244b938313cb296896a:2:{i:0;s:14:\"_csrf-frontend\";i:1;s:32:\"tj-3Mg3nGxVWTYdVj2D2JHiMDY8jHg1X\";}'
]

$_SERVER = [
    'PATH' => 'C:\\Windows\\system32;C:\\Windows;C:\\Windows\\System32\\Wbem;C:\\Windows\\System32\\WindowsPowerShell\\v1.0\\;C:\\Program Files (x86)\\NVIDIA Corporation\\PhysX\\Common;C:\\Program Files (x86)\\ATI Technologies\\ATI.ACE\\Core-Static;F:\\software\\PuTTY\\;C:\\Program Files\\TortoiseSVN\\bin;F:\\software\\Git\\cmd;F:\\phpStudy\\php\\php-7.0.12-nts;F:\\software\\composer;F:\\phpStudy\\MySQL\\bin;F:\\software\\Go\\bin;F:\\software\\Python\\Scripts\\;F:\\software\\Python\\'
    'SYSTEMROOT' => 'C:\\Windows'
    'COMSPEC' => 'C:\\Windows\\system32\\cmd.exe'
    'PATHEXT' => '.COM;.EXE;.BAT;.CMD;.VBS;.VBE;.JS;.JSE;.WSF;.WSH;.MSC'
    'WINDIR' => 'C:\\Windows'
    'PHP_FCGI_MAX_REQUESTS' => '1000'
    'PHPRC' => 'F:/phpStudy/php/php-7.0.12-nts/'
    '_FCGI_SHUTDOWN_EVENT_' => '1808'
    'SCRIPT_NAME' => '/Yii_2.0.11_new/frontend/web/index.php'
    'REQUEST_URI' => '/Yii_2.0.11_new/frontend/web/images/bitbug_favicon.icon'
    'QUERY_STRING' => ''
    'REQUEST_METHOD' => 'GET'
    'SERVER_PROTOCOL' => 'HTTP/1.1'
    'GATEWAY_INTERFACE' => 'CGI/1.1'
    'REDIRECT_URL' => '/Yii_2.0.11_new/frontend/web/images/bitbug_favicon.icon'
    'REMOTE_PORT' => '50744'
    'SCRIPT_FILENAME' => 'F:/phpStudy/WWW/Yii_2.0.11_new/frontend/web/index.php'
    'SERVER_ADMIN' => 'admin@phpStudy.net'
    'CONTEXT_DOCUMENT_ROOT' => 'F:/phpStudy/WWW'
    'CONTEXT_PREFIX' => ''
    'REQUEST_SCHEME' => 'http'
    'DOCUMENT_ROOT' => 'F:/phpStudy/WWW'
    'REMOTE_ADDR' => '127.0.0.1'
    'SERVER_PORT' => '80'
    'SERVER_ADDR' => '127.0.0.1'
    'SERVER_NAME' => '127.0.0.1'
    'SERVER_SOFTWARE' => 'Apache/2.4.23 (Win32) OpenSSL/1.0.2j mod_fcgid/2.3.9'
    'SERVER_SIGNATURE' => ''
    'SystemRoot' => 'C:\\Windows'
    'HTTP_COOKIE' => '_ga=GA1.1.206337940.1523263294; advanced-backend=ttkad2g6t0j2ip3untcqddld04; _csrf-backend=3433cef21c9256d7e8dcd76b83951982aaf83f1e6ad23804e20f7b696fa4a678a%3A2%3A%7Bi%3A0%3Bs%3A13%3A%22_csrf-backend%22%3Bi%3A1%3Bs%3A32%3A%22QlLE85zX612VSyMHZoPYJkB9hcOx459-%22%3B%7D; hzy_login_back=http://127.0.0.1/Yii_2.0.11_new/frontend/; advanced-frontend=97hp1bvou73evaikmim4tgpdk6; _csrf-frontend=964b7b6611c66d808a3fc710088e847cbca75874ee92af244b938313cb296896a%3A2%3A%7Bi%3A0%3Bs%3A14%3A%22_csrf-frontend%22%3Bi%3A1%3Bs%3A32%3A%22tj-3Mg3nGxVWTYdVj2D2JHiMDY8jHg1X%22%3B%7D'
    'HTTP_ACCEPT_LANGUAGE' => 'zh-CN,zh;q=0.9'
    'HTTP_ACCEPT_ENCODING' => 'gzip, deflate, br'
    'HTTP_REFERER' => 'http://127.0.0.1/Yii_2.0.11_new/frontend/web/product/index.asp'
    'HTTP_ACCEPT' => 'image/webp,image/apng,image/*,*/*;q=0.8'
    'HTTP_USER_AGENT' => 'Mozilla/5.0 (Windows NT 6.1; Win64; x64) AppleWebKit/537.36 (KHTML, like Gecko) Chrome/63.0.3239.132 Safari/537.36'
    'HTTP_CONNECTION' => 'close'
    'HTTP_HOST' => '127.0.0.1'
    'REDIRECT_STATUS' => '200'
    'FCGI_ROLE' => 'RESPONDER'
    'PHP_SELF' => '/Yii_2.0.11_new/frontend/web/index.php'
    'REQUEST_TIME_FLOAT' => 1523408970.208
    'REQUEST_TIME' => 1523408970
]
2018-04-11 01:09:34 [127.0.0.1][-][-][error][yii\web\HttpException:404] yii\web\NotFoundHttpException: Page not found. in F:\phpStudy\WWW\Yii_2.0.11_new\vendor\yiisoft\yii2\web\Request.php:193
Stack trace:
#0 F:\phpStudy\WWW\Yii_2.0.11_new\vendor\yiisoft\yii2\web\Application.php(82): yii\web\Request->resolve()
#1 F:\phpStudy\WWW\Yii_2.0.11_new\vendor\yiisoft\yii2\base\Application.php(380): yii\web\Application->handleRequest(Object(yii\web\Request))
#2 F:\phpStudy\WWW\Yii_2.0.11_new\frontend\web\index.php(17): yii\base\Application->run()
#3 {main}
2018-04-11 01:09:34 [127.0.0.1][-][-][info][application] $_COOKIE = [
    '_ga' => 'GA1.1.206337940.1523263294'
    'advanced-backend' => 'ttkad2g6t0j2ip3untcqddld04'
    '_csrf-backend' => '3433cef21c9256d7e8dcd76b83951982aaf83f1e6ad23804e20f7b696fa4a678a:2:{i:0;s:13:\"_csrf-backend\";i:1;s:32:\"QlLE85zX612VSyMHZoPYJkB9hcOx459-\";}'
    'hzy_login_back' => 'http://127.0.0.1/Yii_2.0.11_new/frontend/'
    'advanced-frontend' => '97hp1bvou73evaikmim4tgpdk6'
    '_csrf-frontend' => '964b7b6611c66d808a3fc710088e847cbca75874ee92af244b938313cb296896a:2:{i:0;s:14:\"_csrf-frontend\";i:1;s:32:\"tj-3Mg3nGxVWTYdVj2D2JHiMDY8jHg1X\";}'
]

$_SERVER = [
    'PATH' => 'C:\\Windows\\system32;C:\\Windows;C:\\Windows\\System32\\Wbem;C:\\Windows\\System32\\WindowsPowerShell\\v1.0\\;C:\\Program Files (x86)\\NVIDIA Corporation\\PhysX\\Common;C:\\Program Files (x86)\\ATI Technologies\\ATI.ACE\\Core-Static;F:\\software\\PuTTY\\;C:\\Program Files\\TortoiseSVN\\bin;F:\\software\\Git\\cmd;F:\\phpStudy\\php\\php-7.0.12-nts;F:\\software\\composer;F:\\phpStudy\\MySQL\\bin;F:\\software\\Go\\bin;F:\\software\\Python\\Scripts\\;F:\\software\\Python\\'
    'SYSTEMROOT' => 'C:\\Windows'
    'COMSPEC' => 'C:\\Windows\\system32\\cmd.exe'
    'PATHEXT' => '.COM;.EXE;.BAT;.CMD;.VBS;.VBE;.JS;.JSE;.WSF;.WSH;.MSC'
    'WINDIR' => 'C:\\Windows'
    'PHP_FCGI_MAX_REQUESTS' => '1000'
    'PHPRC' => 'F:/phpStudy/php/php-7.0.12-nts/'
    '_FCGI_SHUTDOWN_EVENT_' => '1772'
    'SCRIPT_NAME' => '/Yii_2.0.11_new/frontend/web/index.php'
    'REQUEST_URI' => '/Yii_2.0.11_new/frontend/web/images/cd_img_11.png'
    'QUERY_STRING' => ''
    'REQUEST_METHOD' => 'GET'
    'SERVER_PROTOCOL' => 'HTTP/1.1'
    'GATEWAY_INTERFACE' => 'CGI/1.1'
    'REDIRECT_URL' => '/Yii_2.0.11_new/frontend/web/images/cd_img_11.png'
    'REMOTE_PORT' => '50757'
    'SCRIPT_FILENAME' => 'F:/phpStudy/WWW/Yii_2.0.11_new/frontend/web/index.php'
    'SERVER_ADMIN' => 'admin@phpStudy.net'
    'CONTEXT_DOCUMENT_ROOT' => 'F:/phpStudy/WWW'
    'CONTEXT_PREFIX' => ''
    'REQUEST_SCHEME' => 'http'
    'DOCUMENT_ROOT' => 'F:/phpStudy/WWW'
    'REMOTE_ADDR' => '127.0.0.1'
    'SERVER_PORT' => '80'
    'SERVER_ADDR' => '127.0.0.1'
    'SERVER_NAME' => '127.0.0.1'
    'SERVER_SOFTWARE' => 'Apache/2.4.23 (Win32) OpenSSL/1.0.2j mod_fcgid/2.3.9'
    'SERVER_SIGNATURE' => ''
    'SystemRoot' => 'C:\\Windows'
    'HTTP_COOKIE' => '_ga=GA1.1.206337940.1523263294; advanced-backend=ttkad2g6t0j2ip3untcqddld04; _csrf-backend=3433cef21c9256d7e8dcd76b83951982aaf83f1e6ad23804e20f7b696fa4a678a%3A2%3A%7Bi%3A0%3Bs%3A13%3A%22_csrf-backend%22%3Bi%3A1%3Bs%3A32%3A%22QlLE85zX612VSyMHZoPYJkB9hcOx459-%22%3B%7D; hzy_login_back=http://127.0.0.1/Yii_2.0.11_new/frontend/; advanced-frontend=97hp1bvou73evaikmim4tgpdk6; _csrf-frontend=964b7b6611c66d808a3fc710088e847cbca75874ee92af244b938313cb296896a%3A2%3A%7Bi%3A0%3Bs%3A14%3A%22_csrf-frontend%22%3Bi%3A1%3Bs%3A32%3A%22tj-3Mg3nGxVWTYdVj2D2JHiMDY8jHg1X%22%3B%7D'
    'HTTP_ACCEPT_LANGUAGE' => 'zh-CN,zh;q=0.9'
    'HTTP_ACCEPT_ENCODING' => 'gzip, deflate, br'
    'HTTP_REFERER' => 'http://127.0.0.1/Yii_2.0.11_new/frontend/web/css/common.css'
    'HTTP_ACCEPT' => 'image/webp,image/apng,image/*,*/*;q=0.8'
    'HTTP_USER_AGENT' => 'Mozilla/5.0 (Windows NT 6.1; Win64; x64) AppleWebKit/537.36 (KHTML, like Gecko) Chrome/63.0.3239.132 Safari/537.36'
    'HTTP_CONNECTION' => 'close'
    'HTTP_HOST' => '127.0.0.1'
    'REDIRECT_STATUS' => '200'
    'FCGI_ROLE' => 'RESPONDER'
    'PHP_SELF' => '/Yii_2.0.11_new/frontend/web/index.php'
    'REQUEST_TIME_FLOAT' => 1523408974.3192
    'REQUEST_TIME' => 1523408974
]
2018-04-11 01:09:34 [127.0.0.1][-][-][error][yii\web\HttpException:404] yii\web\NotFoundHttpException: Page not found. in F:\phpStudy\WWW\Yii_2.0.11_new\vendor\yiisoft\yii2\web\Request.php:193
Stack trace:
#0 F:\phpStudy\WWW\Yii_2.0.11_new\vendor\yiisoft\yii2\web\Application.php(82): yii\web\Request->resolve()
#1 F:\phpStudy\WWW\Yii_2.0.11_new\vendor\yiisoft\yii2\base\Application.php(380): yii\web\Application->handleRequest(Object(yii\web\Request))
#2 F:\phpStudy\WWW\Yii_2.0.11_new\frontend\web\index.php(17): yii\base\Application->run()
#3 {main}
2018-04-11 01:09:34 [127.0.0.1][-][-][info][application] $_COOKIE = [
    '_ga' => 'GA1.1.206337940.1523263294'
    'advanced-backend' => 'ttkad2g6t0j2ip3untcqddld04'
    '_csrf-backend' => '3433cef21c9256d7e8dcd76b83951982aaf83f1e6ad23804e20f7b696fa4a678a:2:{i:0;s:13:\"_csrf-backend\";i:1;s:32:\"QlLE85zX612VSyMHZoPYJkB9hcOx459-\";}'
    'hzy_login_back' => 'http://127.0.0.1/Yii_2.0.11_new/frontend/'
    'advanced-frontend' => '97hp1bvou73evaikmim4tgpdk6'
    '_csrf-frontend' => '964b7b6611c66d808a3fc710088e847cbca75874ee92af244b938313cb296896a:2:{i:0;s:14:\"_csrf-frontend\";i:1;s:32:\"tj-3Mg3nGxVWTYdVj2D2JHiMDY8jHg1X\";}'
]

$_SERVER = [
    'PATH' => 'C:\\Windows\\system32;C:\\Windows;C:\\Windows\\System32\\Wbem;C:\\Windows\\System32\\WindowsPowerShell\\v1.0\\;C:\\Program Files (x86)\\NVIDIA Corporation\\PhysX\\Common;C:\\Program Files (x86)\\ATI Technologies\\ATI.ACE\\Core-Static;F:\\software\\PuTTY\\;C:\\Program Files\\TortoiseSVN\\bin;F:\\software\\Git\\cmd;F:\\phpStudy\\php\\php-7.0.12-nts;F:\\software\\composer;F:\\phpStudy\\MySQL\\bin;F:\\software\\Go\\bin;F:\\software\\Python\\Scripts\\;F:\\software\\Python\\'
    'SYSTEMROOT' => 'C:\\Windows'
    'COMSPEC' => 'C:\\Windows\\system32\\cmd.exe'
    'PATHEXT' => '.COM;.EXE;.BAT;.CMD;.VBS;.VBE;.JS;.JSE;.WSF;.WSH;.MSC'
    'WINDIR' => 'C:\\Windows'
    'PHP_FCGI_MAX_REQUESTS' => '1000'
    'PHPRC' => 'F:/phpStudy/php/php-7.0.12-nts/'
    '_FCGI_SHUTDOWN_EVENT_' => '1808'
    'SCRIPT_NAME' => '/Yii_2.0.11_new/frontend/web/index.php'
    'REQUEST_URI' => '/Yii_2.0.11_new/frontend/web/__PUBLIC__/Home/images/erweima.jpg'
    'QUERY_STRING' => ''
    'REQUEST_METHOD' => 'GET'
    'SERVER_PROTOCOL' => 'HTTP/1.1'
    'GATEWAY_INTERFACE' => 'CGI/1.1'
    'REDIRECT_URL' => '/Yii_2.0.11_new/frontend/web/__PUBLIC__/Home/images/erweima.jpg'
    'REMOTE_PORT' => '50755'
    'SCRIPT_FILENAME' => 'F:/phpStudy/WWW/Yii_2.0.11_new/frontend/web/index.php'
    'SERVER_ADMIN' => 'admin@phpStudy.net'
    'CONTEXT_DOCUMENT_ROOT' => 'F:/phpStudy/WWW'
    'CONTEXT_PREFIX' => ''
    'REQUEST_SCHEME' => 'http'
    'DOCUMENT_ROOT' => 'F:/phpStudy/WWW'
    'REMOTE_ADDR' => '127.0.0.1'
    'SERVER_PORT' => '80'
    'SERVER_ADDR' => '127.0.0.1'
    'SERVER_NAME' => '127.0.0.1'
    'SERVER_SOFTWARE' => 'Apache/2.4.23 (Win32) OpenSSL/1.0.2j mod_fcgid/2.3.9'
    'SERVER_SIGNATURE' => ''
    'SystemRoot' => 'C:\\Windows'
    'HTTP_COOKIE' => '_ga=GA1.1.206337940.1523263294; advanced-backend=ttkad2g6t0j2ip3untcqddld04; _csrf-backend=3433cef21c9256d7e8dcd76b83951982aaf83f1e6ad23804e20f7b696fa4a678a%3A2%3A%7Bi%3A0%3Bs%3A13%3A%22_csrf-backend%22%3Bi%3A1%3Bs%3A32%3A%22QlLE85zX612VSyMHZoPYJkB9hcOx459-%22%3B%7D; hzy_login_back=http://127.0.0.1/Yii_2.0.11_new/frontend/; advanced-frontend=97hp1bvou73evaikmim4tgpdk6; _csrf-frontend=964b7b6611c66d808a3fc710088e847cbca75874ee92af244b938313cb296896a%3A2%3A%7Bi%3A0%3Bs%3A14%3A%22_csrf-frontend%22%3Bi%3A1%3Bs%3A32%3A%22tj-3Mg3nGxVWTYdVj2D2JHiMDY8jHg1X%22%3B%7D'
    'HTTP_ACCEPT_LANGUAGE' => 'zh-CN,zh;q=0.9'
    'HTTP_ACCEPT_ENCODING' => 'gzip, deflate, br'
    'HTTP_REFERER' => 'http://127.0.0.1/Yii_2.0.11_new/frontend/web/index&goods_4.asp'
    'HTTP_ACCEPT' => 'image/webp,image/apng,image/*,*/*;q=0.8'
    'HTTP_USER_AGENT' => 'Mozilla/5.0 (Windows NT 6.1; Win64; x64) AppleWebKit/537.36 (KHTML, like Gecko) Chrome/63.0.3239.132 Safari/537.36'
    'HTTP_CONNECTION' => 'close'
    'HTTP_HOST' => '127.0.0.1'
    'REDIRECT_STATUS' => '200'
    'FCGI_ROLE' => 'RESPONDER'
    'PHP_SELF' => '/Yii_2.0.11_new/frontend/web/index.php'
    'REQUEST_TIME_FLOAT' => 1523408974.3162
    'REQUEST_TIME' => 1523408974
]
2018-04-11 01:09:34 [127.0.0.1][-][-][error][yii\web\HttpException:404] yii\web\NotFoundHttpException: Page not found. in F:\phpStudy\WWW\Yii_2.0.11_new\vendor\yiisoft\yii2\web\Request.php:193
Stack trace:
#0 F:\phpStudy\WWW\Yii_2.0.11_new\vendor\yiisoft\yii2\web\Application.php(82): yii\web\Request->resolve()
#1 F:\phpStudy\WWW\Yii_2.0.11_new\vendor\yiisoft\yii2\base\Application.php(380): yii\web\Application->handleRequest(Object(yii\web\Request))
#2 F:\phpStudy\WWW\Yii_2.0.11_new\frontend\web\index.php(17): yii\base\Application->run()
#3 {main}
2018-04-11 01:09:34 [127.0.0.1][-][-][info][application] $_COOKIE = [
    '_ga' => 'GA1.1.206337940.1523263294'
    'advanced-backend' => 'ttkad2g6t0j2ip3untcqddld04'
    '_csrf-backend' => '3433cef21c9256d7e8dcd76b83951982aaf83f1e6ad23804e20f7b696fa4a678a:2:{i:0;s:13:\"_csrf-backend\";i:1;s:32:\"QlLE85zX612VSyMHZoPYJkB9hcOx459-\";}'
    'hzy_login_back' => 'http://127.0.0.1/Yii_2.0.11_new/frontend/'
    'advanced-frontend' => '97hp1bvou73evaikmim4tgpdk6'
    '_csrf-frontend' => '964b7b6611c66d808a3fc710088e847cbca75874ee92af244b938313cb296896a:2:{i:0;s:14:\"_csrf-frontend\";i:1;s:32:\"tj-3Mg3nGxVWTYdVj2D2JHiMDY8jHg1X\";}'
]

$_SERVER = [
    'PATH' => 'C:\\Windows\\system32;C:\\Windows;C:\\Windows\\System32\\Wbem;C:\\Windows\\System32\\WindowsPowerShell\\v1.0\\;C:\\Program Files (x86)\\NVIDIA Corporation\\PhysX\\Common;C:\\Program Files (x86)\\ATI Technologies\\ATI.ACE\\Core-Static;F:\\software\\PuTTY\\;C:\\Program Files\\TortoiseSVN\\bin;F:\\software\\Git\\cmd;F:\\phpStudy\\php\\php-7.0.12-nts;F:\\software\\composer;F:\\phpStudy\\MySQL\\bin;F:\\software\\Go\\bin;F:\\software\\Python\\Scripts\\;F:\\software\\Python\\'
    'SYSTEMROOT' => 'C:\\Windows'
    'COMSPEC' => 'C:\\Windows\\system32\\cmd.exe'
    'PATHEXT' => '.COM;.EXE;.BAT;.CMD;.VBS;.VBE;.JS;.JSE;.WSF;.WSH;.MSC'
    'WINDIR' => 'C:\\Windows'
    'PHP_FCGI_MAX_REQUESTS' => '1000'
    'PHPRC' => 'F:/phpStudy/php/php-7.0.12-nts/'
    '_FCGI_SHUTDOWN_EVENT_' => '1808'
    'SCRIPT_NAME' => '/Yii_2.0.11_new/frontend/web/index.php'
    'REQUEST_URI' => '/Yii_2.0.11_new/frontend/web/images/bitbug_favicon.icon'
    'QUERY_STRING' => ''
    'REQUEST_METHOD' => 'GET'
    'SERVER_PROTOCOL' => 'HTTP/1.1'
    'GATEWAY_INTERFACE' => 'CGI/1.1'
    'REDIRECT_URL' => '/Yii_2.0.11_new/frontend/web/images/bitbug_favicon.icon'
    'REMOTE_PORT' => '50750'
    'SCRIPT_FILENAME' => 'F:/phpStudy/WWW/Yii_2.0.11_new/frontend/web/index.php'
    'SERVER_ADMIN' => 'admin@phpStudy.net'
    'CONTEXT_DOCUMENT_ROOT' => 'F:/phpStudy/WWW'
    'CONTEXT_PREFIX' => ''
    'REQUEST_SCHEME' => 'http'
    'DOCUMENT_ROOT' => 'F:/phpStudy/WWW'
    'REMOTE_ADDR' => '127.0.0.1'
    'SERVER_PORT' => '80'
    'SERVER_ADDR' => '127.0.0.1'
    'SERVER_NAME' => '127.0.0.1'
    'SERVER_SOFTWARE' => 'Apache/2.4.23 (Win32) OpenSSL/1.0.2j mod_fcgid/2.3.9'
    'SERVER_SIGNATURE' => ''
    'SystemRoot' => 'C:\\Windows'
    'HTTP_COOKIE' => '_ga=GA1.1.206337940.1523263294; advanced-backend=ttkad2g6t0j2ip3untcqddld04; _csrf-backend=3433cef21c9256d7e8dcd76b83951982aaf83f1e6ad23804e20f7b696fa4a678a%3A2%3A%7Bi%3A0%3Bs%3A13%3A%22_csrf-backend%22%3Bi%3A1%3Bs%3A32%3A%22QlLE85zX612VSyMHZoPYJkB9hcOx459-%22%3B%7D; hzy_login_back=http://127.0.0.1/Yii_2.0.11_new/frontend/; advanced-frontend=97hp1bvou73evaikmim4tgpdk6; _csrf-frontend=964b7b6611c66d808a3fc710088e847cbca75874ee92af244b938313cb296896a%3A2%3A%7Bi%3A0%3Bs%3A14%3A%22_csrf-frontend%22%3Bi%3A1%3Bs%3A32%3A%22tj-3Mg3nGxVWTYdVj2D2JHiMDY8jHg1X%22%3B%7D'
    'HTTP_ACCEPT_LANGUAGE' => 'zh-CN,zh;q=0.9'
    'HTTP_ACCEPT_ENCODING' => 'gzip, deflate, br'
    'HTTP_REFERER' => 'http://127.0.0.1/Yii_2.0.11_new/frontend/web/index&goods_4.asp'
    'HTTP_ACCEPT' => 'image/webp,image/apng,image/*,*/*;q=0.8'
    'HTTP_USER_AGENT' => 'Mozilla/5.0 (Windows NT 6.1; Win64; x64) AppleWebKit/537.36 (KHTML, like Gecko) Chrome/63.0.3239.132 Safari/537.36'
    'HTTP_CONNECTION' => 'close'
    'HTTP_HOST' => '127.0.0.1'
    'REDIRECT_STATUS' => '200'
    'FCGI_ROLE' => 'RESPONDER'
    'PHP_SELF' => '/Yii_2.0.11_new/frontend/web/index.php'
    'REQUEST_TIME_FLOAT' => 1523408974.8422
    'REQUEST_TIME' => 1523408974
]
